2026-01-27 19:19:23,539 - ERROR - ERROR! Incorrect number
Traceback (most recent call last):
  File "/Users/ernie/Documents/Studium/Python/Hausaufgaben/Hausaufgabe_25.py", line 25, in division_to_null
    return int(a) / int(b)
                    ~~~^^^
ValueError: invalid literal for int() with base 10: '5a'
2026-01-27 19:22:01,148 - ERROR - Hausaufgabe_25.py - 28 - ERROR! Incorrect number
Traceback (most recent call last):
  File "/Users/ernie/Documents/Studium/Python/Hausaufgaben/Hausaufgabe_25.py", line 26, in division_to_null
    return int(a) / int(b)
                    ~~~^^^
ValueError: invalid literal for int() with base 10: '5a'
2026-01-27 19:22:24,892 - ERROR - Hausaufgabe_25.py - 28
Traceback (most recent call last):
  File "/Users/ernie/Documents/Studium/Python/Hausaufgaben/Hausaufgabe_25.py", line 26, in division_to_null
    return int(a) / int(b)
                    ~~~^^^
ValueError: invalid literal for int() with base 10: '5a'
2026-01-27 19:22:43,132 - ERROR - Hausaufgabe_25.py - 28 - ERROR! Incorrect number
2026-01-27 19:23:09,081 - ERROR - Hausaufgabe_25.py - ERROR! Incorrect number
